Change Component Footprint: Designator=J3 Old Footprint=CONN_SMALL New Footprint=CON_BIG
Change Component Footprint: Designator=J4 Old Footprint=CONN_SMALL New Footprint=CON_BIG
Change Component Footprint: Designator=J5 Old Footprint=CONN_SMALL New Footprint=CON_BIG
Change Component Footprint: Designator=J11 Old Footprint=CONN_SMALL New Footprint=CON_BIG
Change Component Footprint: Designator=J12 Old Footprint=CONN_SMALL New Footprint=CON_BIG
Change Component Footprint: Designator=J14 Old Footprint=CONN_SMALL New Footprint=CON_BIG
Change Component Footprint: Designator=J24 Old Footprint=CONN_SMALL New Footprint=CON_BIG
Change Component Footprint: Designator=J25 Old Footprint=CONN_SMALL New Footprint=CON_BIG
Change Component Footprint: Designator=J*1 Old Footprint=CONN_SMALL New Footprint=CON_BIG
Add Component: Footprint Not Found WSL27261L000FEA
Add Component: Footprint Not Found WSL27261L000FEA
Add Pin To Net: Unknown Pin: Pin RS1-1
Add Pin To Net: Unknown Pin: Pin RS1-2
Add Pin To Net: Unknown Pin: Pin RS1-3
Add Pin To Net: Unknown Pin: Pin RS1-4
Add Pin To Net: Unknown Pin: Pin RS2-1
Add Pin To Net: Unknown Pin: Pin RS2-2
Add Pin To Net: Unknown Pin: Pin RS2-3
Add Pin To Net: Unknown Pin: Pin RS2-4
Add Class Member: Failed to add class member : Component RS1 WSLP2726L5000FEA
Add Class Member: Failed to add class member : Component RS2 WSLP2726L5000FEA
