Replace Part J1 CON_SMD_SMALL in C:\Users\Public\Documents\Altium\SBW_INVERTER\Sheet4.SchDoc with CON_SMD_SMALL from MyPCBlib.IntLib
Replace Part J2 CON_SMD_SMALL in C:\Users\Public\Documents\Altium\SBW_INVERTER\Sheet4.SchDoc with CON_SMD_SMALL from MyPCBlib.IntLib
Replace Part J3 CON_SMD_SMALL in C:\Users\Public\Documents\Altium\SBW_INVERTER\Sheet4.SchDoc with CON_SMD_SMALL from MyPCBlib.IntLib
Replace Part J4 CON_SMD_SMALL in C:\Users\Public\Documents\Altium\SBW_INVERTER\Sheet4.SchDoc with CON_SMD_SMALL from MyPCBlib.IntLib
Replace Part J5 CON_SMD_SMALL in C:\Users\Public\Documents\Altium\SBW_INVERTER\Sheet4.SchDoc with CON_SMD_SMALL from MyPCBlib.IntLib
Replace Part J6 CON_SMD_SMALL in C:\Users\Public\Documents\Altium\SBW_INVERTER\Sheet4.SchDoc with CON_SMD_SMALL from MyPCBlib.IntLib
Replace Part J7 CON_SMD_SMALL in C:\Users\Public\Documents\Altium\SBW_INVERTER\Sheet4.SchDoc with CON_SMD_SMALL from MyPCBlib.IntLib
Replace Part J8 CON_SMD_SMALL in C:\Users\Public\Documents\Altium\SBW_INVERTER\Sheet4.SchDoc with CON_SMD_SMALL from MyPCBlib.IntLib
Replace Part J9 CON_SMD_SMALL in C:\Users\Public\Documents\Altium\SBW_INVERTER\Sheet4.SchDoc with CON_SMD_SMALL from MyPCBlib.IntLib
Replace Part J10 CON_SMD_SMALL in C:\Users\Public\Documents\Altium\SBW_INVERTER\Sheet4.SchDoc with CON_SMD_SMALL from MyPCBlib.IntLib
Replace Part J11 CON_SMD_SMALL in C:\Users\Public\Documents\Altium\SBW_INVERTER\Sheet4.SchDoc with CON_SMD_SMALL from MyPCBlib.IntLib
Replace Part J12 CON_SMD_SMALL in C:\Users\Public\Documents\Altium\SBW_INVERTER\Sheet4.SchDoc with CON_SMD_SMALL from MyPCBlib.IntLib
Replace Part J13 CON_SMD_SMALL in C:\Users\Public\Documents\Altium\SBW_INVERTER\Sheet4.SchDoc with CON_SMD_SMALL from MyPCBlib.IntLib
Replace Part J14 CON_SMD_SMALL in C:\Users\Public\Documents\Altium\SBW_INVERTER\Sheet4.SchDoc with CON_SMD_SMALL from MyPCBlib.IntLib
Replace Part J15 CON_SMD_SMALL in C:\Users\Public\Documents\Altium\SBW_INVERTER\Sheet4.SchDoc with CON_SMD_SMALL from MyPCBlib.IntLib
Replace Part J16 CON_SMD_SMALL in C:\Users\Public\Documents\Altium\SBW_INVERTER\Sheet4.SchDoc with CON_SMD_SMALL from MyPCBlib.IntLib
Replace Part J17 CON_SMD_SMALL in C:\Users\Public\Documents\Altium\SBW_INVERTER\Sheet4.SchDoc with CON_SMD_SMALL from MyPCBlib.IntLib
Replace Part J18 CON_SMD_SMALL in C:\Users\Public\Documents\Altium\SBW_INVERTER\Sheet4.SchDoc with CON_SMD_SMALL from MyPCBlib.IntLib
Replace Part J19 CON_SMD_SMALL in C:\Users\Public\Documents\Altium\SBW_INVERTER\Sheet4.SchDoc with CON_SMD_SMALL from MyPCBlib.IntLib
Replace Part J20 CON_SMD_SMALL in C:\Users\Public\Documents\Altium\SBW_INVERTER\Sheet4.SchDoc with CON_SMD_SMALL from MyPCBlib.IntLib
Replace Part J21 CON_SMD_SMALL in C:\Users\Public\Documents\Altium\SBW_INVERTER\Sheet4.SchDoc with CON_SMD_SMALL from MyPCBlib.IntLib
Replace Part J22 CON_SMD_SMALL in C:\Users\Public\Documents\Altium\SBW_INVERTER\Sheet4.SchDoc with CON_SMD_SMALL from MyPCBlib.IntLib
Replace Part J23 CON_SMD_SMALL in C:\Users\Public\Documents\Altium\SBW_INVERTER\Sheet4.SchDoc with CON_SMD_SMALL from MyPCBlib.IntLib
Replace Part J24 CON_SMD_SMALL in C:\Users\Public\Documents\Altium\SBW_INVERTER\Sheet4.SchDoc with CON_SMD_SMALL from MyPCBlib.IntLib
Replace Part J25 CON_SMD_SMALL in C:\Users\Public\Documents\Altium\SBW_INVERTER\Sheet4.SchDoc with CON_SMD_SMALL from MyPCBlib.IntLib
Replace Part J*1 CON_SMD_SMALL in C:\Users\Public\Documents\Altium\SBW_INVERTER\Sheet4.SchDoc with CON_SMD_SMALL from MyPCBlib.IntLib
Replace Part Q1 IPB180N04S4-01 in C:\Users\Public\Documents\Altium\SBW_INVERTER\Sheet4.SchDoc with IPB180N04S4-01 from SamacSys.SchLib
Replace Part Q2 IPB180N04S4-01 in C:\Users\Public\Documents\Altium\SBW_INVERTER\Sheet4.SchDoc with IPB180N04S4-01 from SamacSys.SchLib
Replace Part Q3 IPB180N04S4-01 in C:\Users\Public\Documents\Altium\SBW_INVERTER\Sheet4.SchDoc with IPB180N04S4-01 from SamacSys.SchLib
Replace Part Q4 IPB180N04S4-01 in C:\Users\Public\Documents\Altium\SBW_INVERTER\Sheet4.SchDoc with IPB180N04S4-01 from SamacSys.SchLib
Replace Part Q5 IPB180N04S4-01 in C:\Users\Public\Documents\Altium\SBW_INVERTER\Sheet4.SchDoc with IPB180N04S4-01 from SamacSys.SchLib
Replace Part Q6 IPB180N04S4-01 in C:\Users\Public\Documents\Altium\SBW_INVERTER\Sheet4.SchDoc with IPB180N04S4-01 from SamacSys.SchLib
Replace Part Q7 IPB180N04S4-01 in C:\Users\Public\Documents\Altium\SBW_INVERTER\Sheet4.SchDoc with IPB180N04S4-01 from SamacSys.SchLib
Replace Part Q8 IPB180N04S4-01 in C:\Users\Public\Documents\Altium\SBW_INVERTER\Sheet4.SchDoc with IPB180N04S4-01 from SamacSys.SchLib
Replace Part Q9 IPB180N04S4-01 in C:\Users\Public\Documents\Altium\SBW_INVERTER\Sheet4.SchDoc with IPB180N04S4-01 from SamacSys.SchLib
Replace Part R1 R in C:\Users\Public\Documents\Altium\SBW_INVERTER\Sheet4.SchDoc with R from MyPCBlib.IntLib
Replace Part R2 R in C:\Users\Public\Documents\Altium\SBW_INVERTER\Sheet4.SchDoc with R from MyPCBlib.IntLib
Replace Part R3 R in C:\Users\Public\Documents\Altium\SBW_INVERTER\Sheet4.SchDoc with R from MyPCBlib.IntLib
Replace Part RS1 WSLP2726L5000FEA in C:\Users\Public\Documents\Altium\SBW_INVERTER\Sheet4.SchDoc with WSLP2726L5000FEA from SamacSys.SchLib
Replace Part RS2 WSLP2726L5000FEA in C:\Users\Public\Documents\Altium\SBW_INVERTER\Sheet4.SchDoc with WSLP2726L5000FEA from SamacSys.SchLib
