Replace Part *? CON_SMD_SMALL in C:\Users\Public\Documents\Altium\SBW_INVERTER\Sheet4.SchDoc with CON_SMD_SMALL from MyPCBlib.IntLib
Replace Part J* CON_SMD_SMALL in C:\Users\Public\Documents\Altium\SBW_INVERTER\Sheet4.SchDoc with CON_SMD_SMALL from MyPCBlib.IntLib
Replace Part J*? CON_SMD_SMALL in C:\Users\Public\Documents\Altium\SBW_INVERTER\Sheet4.SchDoc with CON_SMD_SMALL from MyPCBlib.IntLib
Replace Part J*? CON_SMD_SMALL in C:\Users\Public\Documents\Altium\SBW_INVERTER\Sheet4.SchDoc with CON_SMD_SMALL from MyPCBlib.IntLib
Replace Part J*? CON_SMD_SMALL in C:\Users\Public\Documents\Altium\SBW_INVERTER\Sheet4.SchDoc with CON_SMD_SMALL from MyPCBlib.IntLib
Replace Part J*? CON_SMD_SMALL in C:\Users\Public\Documents\Altium\SBW_INVERTER\Sheet4.SchDoc with CON_SMD_SMALL from MyPCBlib.IntLib
Replace Part J*? CON_SMD_SMALL in C:\Users\Public\Documents\Altium\SBW_INVERTER\Sheet4.SchDoc with CON_SMD_SMALL from MyPCBlib.IntLib
Replace Part J*? CON_SMD_SMALL in C:\Users\Public\Documents\Altium\SBW_INVERTER\Sheet4.SchDoc with CON_SMD_SMALL from MyPCBlib.IntLib
Replace Part J*? CON_SMD_SMALL in C:\Users\Public\Documents\Altium\SBW_INVERTER\Sheet4.SchDoc with CON_SMD_SMALL from MyPCBlib.IntLib
Replace Part J*? CON_SMD_SMALL in C:\Users\Public\Documents\Altium\SBW_INVERTER\Sheet4.SchDoc with CON_SMD_SMALL from MyPCBlib.IntLib
Replace Part J*? CON_SMD_SMALL in C:\Users\Public\Documents\Altium\SBW_INVERTER\Sheet4.SchDoc with CON_SMD_SMALL from MyPCBlib.IntLib
Replace Part J*? CON_SMD_SMALL in C:\Users\Public\Documents\Altium\SBW_INVERTER\Sheet4.SchDoc with CON_SMD_SMALL from MyPCBlib.IntLib
Replace Part J*? CON_SMD_SMALL in C:\Users\Public\Documents\Altium\SBW_INVERTER\Sheet4.SchDoc with CON_SMD_SMALL from MyPCBlib.IntLib
Replace Part J*? CON_SMD_SMALL in C:\Users\Public\Documents\Altium\SBW_INVERTER\Sheet4.SchDoc with CON_SMD_SMALL from MyPCBlib.IntLib
Replace Part J*? CON_SMD_SMALL in C:\Users\Public\Documents\Altium\SBW_INVERTER\Sheet4.SchDoc with CON_SMD_SMALL from MyPCBlib.IntLib
Replace Part J*? CON_SMD_SMALL in C:\Users\Public\Documents\Altium\SBW_INVERTER\Sheet4.SchDoc with CON_SMD_SMALL from MyPCBlib.IntLib
Replace Part J*? CON_SMD_SMALL in C:\Users\Public\Documents\Altium\SBW_INVERTER\Sheet4.SchDoc with CON_SMD_SMALL from MyPCBlib.IntLib
Replace Part J*? CON_SMD_SMALL in C:\Users\Public\Documents\Altium\SBW_INVERTER\Sheet4.SchDoc with CON_SMD_SMALL from MyPCBlib.IntLib
Replace Part J*? CON_SMD_SMALL in C:\Users\Public\Documents\Altium\SBW_INVERTER\Sheet4.SchDoc with CON_SMD_SMALL from MyPCBlib.IntLib
Replace Part J*? CON_SMD_SMALL in C:\Users\Public\Documents\Altium\SBW_INVERTER\Sheet4.SchDoc with CON_SMD_SMALL from MyPCBlib.IntLib
Replace Part J*? CON_SMD_SMALL in C:\Users\Public\Documents\Altium\SBW_INVERTER\Sheet4.SchDoc with CON_SMD_SMALL from MyPCBlib.IntLib
Replace Part J*? CON_SMD_SMALL in C:\Users\Public\Documents\Altium\SBW_INVERTER\Sheet4.SchDoc with CON_SMD_SMALL from MyPCBlib.IntLib
Replace Part J*? CON_SMD_SMALL in C:\Users\Public\Documents\Altium\SBW_INVERTER\Sheet4.SchDoc with CON_SMD_SMALL from MyPCBlib.IntLib
Replace Part J*? CON_SMD_SMALL in C:\Users\Public\Documents\Altium\SBW_INVERTER\Sheet4.SchDoc with CON_SMD_SMALL from MyPCBlib.IntLib
Replace Part J*? CON_SMD_SMALL in C:\Users\Public\Documents\Altium\SBW_INVERTER\Sheet4.SchDoc with CON_SMD_SMALL from MyPCBlib.IntLib
Replace Part J*? CON_SMD_SMALL in C:\Users\Public\Documents\Altium\SBW_INVERTER\Sheet4.SchDoc with CON_SMD_SMALL from MyPCBlib.IntLib
Replace Part Q? IPB180N04S4-01 in C:\Users\Public\Documents\Altium\SBW_INVERTER\Sheet4.SchDoc with IPB180N04S4-01 from SamacSys.SchLib
Replace Part Q? IPB180N04S4-01 in C:\Users\Public\Documents\Altium\SBW_INVERTER\Sheet4.SchDoc with IPB180N04S4-01 from SamacSys.SchLib
Replace Part Q? IPB180N04S4-01 in C:\Users\Public\Documents\Altium\SBW_INVERTER\Sheet4.SchDoc with IPB180N04S4-01 from SamacSys.SchLib
Replace Part Q? IPB180N04S4-01 in C:\Users\Public\Documents\Altium\SBW_INVERTER\Sheet4.SchDoc with IPB180N04S4-01 from SamacSys.SchLib
Replace Part Q? IPB180N04S4-01 in C:\Users\Public\Documents\Altium\SBW_INVERTER\Sheet4.SchDoc with IPB180N04S4-01 from SamacSys.SchLib
Replace Part Q? IPB180N04S4-01 in C:\Users\Public\Documents\Altium\SBW_INVERTER\Sheet4.SchDoc with IPB180N04S4-01 from SamacSys.SchLib
Replace Part Q? IPB180N04S4-01 in C:\Users\Public\Documents\Altium\SBW_INVERTER\Sheet4.SchDoc with IPB180N04S4-01 from SamacSys.SchLib
Replace Part Q? IPB180N04S4-01 in C:\Users\Public\Documents\Altium\SBW_INVERTER\Sheet4.SchDoc with IPB180N04S4-01 from SamacSys.SchLib
Replace Part Q? IPB180N04S4-01 in C:\Users\Public\Documents\Altium\SBW_INVERTER\Sheet4.SchDoc with IPB180N04S4-01 from SamacSys.SchLib
Replace Part R? R in C:\Users\Public\Documents\Altium\SBW_INVERTER\Sheet4.SchDoc with R from MyPCBlib.IntLib
Replace Part R? R in C:\Users\Public\Documents\Altium\SBW_INVERTER\Sheet4.SchDoc with R from MyPCBlib.IntLib
Replace Part R? R in C:\Users\Public\Documents\Altium\SBW_INVERTER\Sheet4.SchDoc with R from MyPCBlib.IntLib
Replace Part RS? WSLP2726L5000FEA in C:\Users\Public\Documents\Altium\SBW_INVERTER\Sheet4.SchDoc with WSLP2726L5000FEA from SamacSys.SchLib
Replace Part RS? WSLP2726L5000FEA in C:\Users\Public\Documents\Altium\SBW_INVERTER\Sheet4.SchDoc with WSLP2726L5000FEA from SamacSys.SchLib
